<?xml version="1.0" encoding="UTF-8"?>
<testng-results ignored="0" total="1" passed="1" failed="0" skipped="0">
  <reporter-output>
  </reporter-output>
  <suite started-at="2024-12-01T13:20:04Z" name="Default suite" finished-at="2024-12-01T13:20:19Z" duration-ms="14671">
    <groups>
    </groups>
    <test started-at="2024-12-01T13:20:04Z" name="Default test" finished-at="2024-12-01T13:20:19Z" duration-ms="14671">
      <class name="ToolsQA.AllDemoQA">
        <test-method is-config="true" signature="setup()[pri:0, instance:ToolsQA.AllDemoQA@457c9034]" started-at="2024-12-01T13:20:04Z" name="setup" finished-at="2024-12-01T13:20:16Z" duration-ms="11365" status="PASS">
          <reporter-output>
          </reporter-output>
        </test-method> <!-- setup -->
        <test-method signature="getUrl()[pri:0, instance:ToolsQA.AllDemoQA@457c9034]" started-at="2024-12-01T13:20:16Z" name="getUrl" finished-at="2024-12-01T13:20:19Z" duration-ms="3253" status="PASS">
          <reporter-output>
          </reporter-output>
        </test-method> <!-- getUrl -->
      </class> <!-- ToolsQA.AllDemoQA -->
    </test> <!-- Default test -->
  </suite> <!-- Default suite -->
</testng-results>
