<?xml version="1.0" encoding="UTF-8"?>
<testng-results ignored="0" total="1" passed="1" failed="0" skipped="0">
  <reporter-output>
  </reporter-output>
  <suite started-at="2024-11-23T03:08:22Z" name="Default suite" finished-at="2024-11-23T03:08:22Z" duration-ms="301">
    <groups>
    </groups>
    <test started-at="2024-11-23T03:08:22Z" name="Default test" finished-at="2024-11-23T03:08:22Z" duration-ms="301">
      <class name="TestNG.FirstDemo">
        <test-method signature="get()[pri:0, instance:TestNG.FirstDemo@f4cfd90]" started-at="2024-11-23T03:08:22Z" name="get" finished-at="2024-11-23T03:08:22Z" duration-ms="97" status="PASS">
          <reporter-output>
          </reporter-output>
        </test-method> <!-- get -->
      </class> <!-- TestNG.FirstDemo -->
    </test> <!-- Default test -->
  </suite> <!-- Default suite -->
</testng-results>
